<?xml version='1.0' encoding='UTF-8'?>
<testsuite hostname="Hakams-MacBook-Air.local" name="gcd.GCDSpec" tests="1" errors="0" failures="0" skipped="0" time="3.226" timestamp="2024-11-28T15:12:54">
          <properties>
[...]
</properties>
          <testcase classname="gcd.GCDSpec" name="Gcd should calculate proper greatest common denominator" time="3.226">
                      
                    </testcase>
          <system-out><![CDATA[]]></system-out>
          <system-err><![CDATA[]]></system-err>
        </testsuite>